#
# A fatal error has been detected by the Java Runtime Environment:
#
#  EXCEPTION_ACCESS_VIOLATION (0xc0000005) at pc=0x00007ffbd92a20dd, pid=1192, tid=0x00000000000000e4
#
# JRE version: Java(TM) SE Runtime Environment (8.0_92-b14) (build 1.8.0_92-b14)
# Java VM: Java HotSpot(TM) 64-Bit Server VM (25.92-b14 mixed mode windows-amd64 compressed oops)
# Problematic frame:
# C  [lwjgl_opengl.dll+0x120dd]
#
# Failed to write core dump. Minidumps are not enabled by default on client versions of Windows
#
# If you would like to submit a bug report, please visit:
#   http://bugreport.java.com/bugreport/crash.jsp
# The crash happened outside the Java Virtual Machine in native code.
# See problematic frame for where to report the bug.
#

---------------  T H R E A D  ---------------

Current thread (0x0000000017619000):  JavaThread "Finalizer" daemon [_thread_in_native, id=228, stack(0x0000000018880000,0x0000000018980000)]

siginfo: ExceptionCode=0xc0000005, reading address 0x0000000000000920

Registers:
RAX=0x0000000057f0ad50, RBX=0x0000000017232650, RCX=0x0000000000000001, RDX=0x000000001eea973c
RSP=0x000000001897f118, RBP=0x000000001897f198, RSI=0x000000001eea973c, RDI=0x0000000002b4835d
R8 =0x0000000000000001, R9 =0x000000001eea973c, R10=0x0000000000000000, R11=0x000000005799a610
R12=0x0000000000000000, R13=0x0000000017232650, R14=0x000000001897f1c8, R15=0x0000000017619000
RIP=0x00007ffbd92a20dd, EFLAGS=0x0000000000010206

Top of Stack: (sp=0x000000001897f118)
0x000000001897f118:   0000000002b57f54 0000000002b4835d
0x000000001897f128:   0000000002b57ccb 0000000017619000
0x000000001897f138:   0000000017232650 000000001eea973c
0x000000001897f148:   0000000017619000 0000000002b57c82
0x000000001897f158:   000000001897f158 0000000017232650
0x000000001897f168:   000000001897f1c8 0000000017246980
0x000000001897f178:   0000000000000000 0000000017232650
0x000000001897f188:   0000000000000000 000000001897f1b8
0x000000001897f198:   000000001897f210 0000000002b4835d
0x000000001897f1a8:   00000000d807a028 0000000002b519d8
0x000000001897f1b8:   000000001eea973c 00000000d60a3510
0x000000001897f1c8:   0000000000000001 000000001897f1d0
0x000000001897f1d8:   00000000172327a4 000000001897f240
0x000000001897f1e8:   0000000017246980 0000000000000000
0x000000001897f1f8:   0000000017232810 000000001897f1b8
0x000000001897f208:   000000001897f240 000000001897f288 

Instructions: (pc=0x00007ffbd92a20dd)
0x00007ffbd92a20bd:   49 ff a2 d8 00 00 00 cc cc cc cc cc cc cc cc cc
0x00007ffbd92a20cd:   cc cc cc 48 8b 01 49 8b d1 41 8b c8 4c 8b 50 18
0x00007ffbd92a20dd:   49 ff a2 20 09 00 00 cc cc cc cc cc cc cc cc cc
0x00007ffbd92a20ed:   cc cc cc 48 8b 01 49 8b d1 41 8b c8 4c 8b 50 18 


Register to memory mapping:

RAX=0x0000000057f0ad50 is an unknown value
RBX={method} {0x0000000017232658} 'nglDeleteBuffers' '(IJ)V' in 'org/lwjgl/opengl/GL15'
RCX=0x0000000000000001 is an unknown value
RDX=0x000000001eea973c is an unknown value
RSP=0x000000001897f118 is pointing into the stack for thread: 0x0000000017619000
RBP=0x000000001897f198 is pointing into the stack for thread: 0x0000000017619000
RSI=0x000000001eea973c is an unknown value
RDI=0x0000000002b4835d is at code_begin+2301 in an Interpreter codelet
invoke return entry points  [0x0000000002b47a60, 0x0000000002b48440]  2528 bytes
R8 =0x0000000000000001 is an unknown value
R9 =0x000000001eea973c is an unknown value
R10=0x0000000000000000 is an unknown value
R11=0x000000005799a610 is an unknown value
R12=0x0000000000000000 is an unknown value
R13={method} {0x0000000017232658} 'nglDeleteBuffers' '(IJ)V' in 'org/lwjgl/opengl/GL15'
R14=0x000000001897f1c8 is pointing into the stack for thread: 0x0000000017619000
R15=0x0000000017619000 is a thread


Stack: [0x0000000018880000,0x0000000018980000],  sp=0x000000001897f118,  free space=1020k
Native frames: (J=compiled Java code, j=interpreted, Vv=VM code, C=native code)
C  [lwjgl_opengl.dll+0x120dd]

Java frames: (J=compiled Java code, j=interpreted, Vv=VM code)
j  org.lwjgl.opengl.GL15.nglDeleteBuffers(IJ)V+0
j  org.lwjgl.opengl.GL15.glDeleteBuffers(I)V+20
j  Engine.rendering.resourceManagement.MeshResource.finalize()V+4
j  java.lang.System$2.invokeFinalize(Ljava/lang/Object;)V+1
j  java.lang.ref.Finalizer.runFinalizer(Lsun/misc/JavaLangAccess;)V+46
j  java.lang.ref.Finalizer.access$100(Ljava/lang/ref/Finalizer;Lsun/misc/JavaLangAccess;)V+2
j  java.lang.ref.Finalizer$FinalizerThread.run()V+45
v  ~StubRoutines::call_stub

---------------  P R O C E S S  ---------------

Java Threads: ( => current thread )
  0x0000000019736000 JavaThread "Java2D Disposer" daemon [_thread_blocked, id=5716, stack(0x000000001cd40000,0x000000001ce40000)]
  0x0000000018f98800 JavaThread "Service Thread" daemon [_thread_blocked, id=2072, stack(0x0000000019370000,0x0000000019470000)]
  0x000000001763a800 JavaThread "C1 CompilerThread2" daemon [_thread_blocked, id=3924, stack(0x0000000018e70000,0x0000000018f70000)]
  0x0000000017632000 JavaThread "C2 CompilerThread1" daemon [_thread_blocked, id=7292, stack(0x0000000018d70000,0x0000000018e70000)]
  0x000000001762f800 JavaThread "C2 CompilerThread0" daemon [_thread_blocked, id=1936, stack(0x0000000018c70000,0x0000000018d70000)]
  0x000000001762d000 JavaThread "Attach Listener" daemon [_thread_blocked, id=5056, stack(0x0000000018b70000,0x0000000018c70000)]
  0x000000001762c000 JavaThread "Signal Dispatcher" daemon [_thread_blocked, id=352, stack(0x0000000018a70000,0x0000000018b70000)]
=>0x0000000017619000 JavaThread "Finalizer" daemon [_thread_in_native, id=228, stack(0x0000000018880000,0x0000000018980000)]
  0x0000000002b34000 JavaThread "Reference Handler" daemon [_thread_blocked, id=5532, stack(0x0000000018780000,0x0000000018880000)]
  0x000000000113d800 JavaThread "main" [_thread_in_Java, id=2496, stack(0x00000000028c0000,0x00000000029c0000)]

Other Threads:
  0x00000000175f7800 VMThread [stack: 0x0000000018680000,0x0000000018780000] [id=7972]
  0x0000000018fc7800 WatcherThread [stack: 0x0000000019470000,0x0000000019570000] [id=8040]

VM state:not at safepoint (normal execution)

VM Mutex/Monitor currently owned by a thread: None

Heap:
 PSYoungGen      total 37888K, used 10830K [0x00000000d6000000, 0x00000000daa00000, 0x0000000100000000)
  eden space 32768K, 25% used [0x00000000d6000000,0x00000000d684a878,0x00000000d8000000)
  from space 5120K, 45% used [0x00000000d8000000,0x00000000d8249298,0x00000000d8500000)
  to   space 5120K, 0% used [0x00000000da500000,0x00000000da500000,0x00000000daa00000)
 ParOldGen       total 86016K, used 920K [0x0000000082000000, 0x0000000087400000, 0x00000000d6000000)
  object space 86016K, 1% used [0x0000000082000000,0x00000000820e6000,0x0000000087400000)
 Metaspace       used 9806K, capacity 10001K, committed 10240K, reserved 1058816K
  class space    used 934K, capacity 998K, committed 1024K, reserved 1048576K

Card table byte_map: [0x0000000011f00000,0x0000000012300000] byte_map_base: 0x0000000011af0000

Marking Bits: (ParMarkBitMap*) 0x0000000057f864f0
 Begin Bits: [0x00000000129a0000, 0x0000000014920000)
 End Bits:   [0x0000000014920000, 0x00000000168a0000)

Polling page: 0x0000000000c40000

CodeCache: size=245760Kb used=4010Kb max_used=4010Kb free=241750Kb
 bounds [0x0000000002b40000, 0x0000000002f40000, 0x0000000011b40000]
 total_blobs=1727 nmethods=921 adapters=719
 compilation: enabled

Compilation events (10 events):
Event: 1.807 Thread 0x000000001763a800  918       3       sun.misc.Unsafe::getAndAddLong (27 bytes)
Event: 1.807 Thread 0x000000001763a800 nmethod 918 0x0000000002ef3390 code [0x0000000002ef3500, 0x0000000002ef3710]
Event: 1.814 Thread 0x000000001763a800  919 % !   3       Engine.rendering.meshLoading.OBJModel::<init> @ 101 (420 bytes)
Event: 1.818 Thread 0x000000001762f800  920       4       Engine.core.Vector2f::<init> (15 bytes)
Event: 1.819 Thread 0x000000001762f800 nmethod 920 0x0000000002ef3150 code [0x0000000002ef3280, 0x0000000002ef32f8]
Event: 1.824 Thread 0x000000001763a800 nmethod 919% 0x0000000002f14a50 code [0x0000000002f154c0, 0x0000000002f1c798]
Event: 1.824 Thread 0x000000001763a800  921       3       java.util.concurrent.atomic.AtomicLong::addAndGet (14 bytes)
Event: 1.824 Thread 0x000000001763a800 nmethod 921 0x0000000002f0f710 code [0x0000000002f0f860, 0x0000000002f0f9b0]
Event: 1.824 Thread 0x000000001763a800  922       1       java.nio.Buffer::remaining (10 bytes)
Event: 1.824 Thread 0x000000001763a800 nmethod 922 0x0000000002f0a290 code [0x0000000002f0a3e0, 0x0000000002f0a4f0]

GC Heap History (6 events):
Event: 1.314 GC heap before
{Heap before GC invocations=1 (full 0):
 PSYoungGen      total 37888K, used 32768K [0x00000000d6000000, 0x00000000d8a00000, 0x0000000100000000)
  eden space 32768K, 100% used [0x00000000d6000000,0x00000000d8000000,0x00000000d8000000)
  from space 5120K, 0% used [0x00000000d8500000,0x00000000d8500000,0x00000000d8a00000)
  to   space 5120K, 0% used [0x00000000d8000000,0x00000000d8000000,0x00000000d8500000)
 ParOldGen       total 86016K, used 0K [0x0000000082000000, 0x0000000087400000, 0x00000000d6000000)
  object space 86016K, 0% used [0x0000000082000000,0x0000000082000000,0x0000000087400000)
 Metaspace       used 9697K, capacity 9873K, committed 9984K, reserved 1058816K
  class space    used 930K, capacity 998K, committed 1024K, reserved 1048576K
Event: 1.318 GC heap after
Heap after GC invocations=1 (full 0):
 PSYoungGen      total 37888K, used 3263K [0x00000000d6000000, 0x00000000d8a00000, 0x0000000100000000)
  eden space 32768K, 0% used [0x00000000d6000000,0x00000000d6000000,0x00000000d8000000)
  from space 5120K, 63% used [0x00000000d8000000,0x00000000d832fc00,0x00000000d8500000)
  to   space 5120K, 0% used [0x00000000d8500000,0x00000000d8500000,0x00000000d8a00000)
 ParOldGen       total 86016K, used 16K [0x0000000082000000, 0x0000000087400000, 0x00000000d6000000)
  object space 86016K, 0% used [0x0000000082000000,0x0000000082004000,0x0000000087400000)
 Metaspace       used 9697K, capacity 9873K, committed 9984K, reserved 1058816K
  class space    used 930K, capacity 998K, committed 1024K, reserved 1048576K
}
Event: 1.490 GC heap before
{Heap before GC invocations=2 (full 0):
 PSYoungGen      total 37888K, used 36031K [0x00000000d6000000, 0x00000000d8a00000, 0x0000000100000000)
  eden space 32768K, 100% used [0x00000000d6000000,0x00000000d8000000,0x00000000d8000000)
  from space 5120K, 63% used [0x00000000d8000000,0x00000000d832fc00,0x00000000d8500000)
  to   space 5120K, 0% used [0x00000000d8500000,0x00000000d8500000,0x00000000d8a00000)
 ParOldGen       total 86016K, used 16K [0x0000000082000000, 0x0000000087400000, 0x00000000d6000000)
  object space 86016K, 0% used [0x0000000082000000,0x0000000082004000,0x0000000087400000)
 Metaspace       used 9732K, capacity 9873K, committed 9984K, reserved 1058816K
  class space    used 932K, capacity 998K, committed 1024K, reserved 1048576K
Event: 1.499 GC heap after
Heap after GC invocations=2 (full 0):
 PSYoungGen      total 37888K, used 5112K [0x00000000d6000000, 0x00000000daa00000, 0x0000000100000000)
  eden space 32768K, 0% used [0x00000000d6000000,0x00000000d6000000,0x00000000d8000000)
  from space 5120K, 99% used [0x00000000d8500000,0x00000000d89fe308,0x00000000d8a00000)
  to   space 5120K, 0% used [0x00000000d8000000,0x00000000d8000000,0x00000000d8500000)
 ParOldGen       total 86016K, used 912K [0x0000000082000000, 0x0000000087400000, 0x00000000d6000000)
  object space 86016K, 1% used [0x0000000082000000,0x00000000820e4000,0x0000000087400000)
 Metaspace       used 9732K, capacity 9873K, committed 9984K, reserved 1058816K
  class space    used 932K, capacity 998K, committed 1024K, reserved 1048576K
}
Event: 1.820 GC heap before
{Heap before GC invocations=3 (full 0):
 PSYoungGen      total 37888K, used 37880K [0x00000000d6000000, 0x00000000daa00000, 0x0000000100000000)
  eden space 32768K, 100% used [0x00000000d6000000,0x00000000d8000000,0x00000000d8000000)
  from space 5120K, 99% used [0x00000000d8500000,0x00000000d89fe308,0x00000000d8a00000)
  to   space 5120K, 0% used [0x00000000d8000000,0x00000000d8000000,0x00000000d8500000)
 ParOldGen       total 86016K, used 912K [0x0000000082000000, 0x0000000087400000, 0x00000000d6000000)
  object space 86016K, 1% used [0x0000000082000000,0x00000000820e4000,0x0000000087400000)
 Metaspace       used 9806K, capacity 10001K, committed 10240K, reserved 1058816K
  class space    used 934K, capacity 998K, committed 1024K, reserved 1048576K
Event: 1.824 GC heap after
Heap after GC invocations=3 (full 0):
 PSYoungGen      total 37888K, used 2340K [0x00000000d6000000, 0x00000000daa00000, 0x0000000100000000)
  eden space 32768K, 0% used [0x00000000d6000000,0x00000000d6000000,0x00000000d8000000)
  from space 5120K, 45% used [0x00000000d8000000,0x00000000d8249298,0x00000000d8500000)
  to   space 5120K, 0% used [0x00000000da500000,0x00000000da500000,0x00000000daa00000)
 ParOldGen       total 86016K, used 920K [0x0000000082000000, 0x0000000087400000, 0x00000000d6000000)
  object space 86016K, 1% used [0x0000000082000000,0x00000000820e6000,0x0000000087400000)
 Metaspace       used 9806K, capacity 10001K, committed 10240K, reserved 1058816K
  class space    used 934K, capacity 998K, committed 1024K, reserved 1048576K
}

Deoptimization events (10 events):
Event: 1.341 Thread 0x000000000113d800 Uncommon trap: reason=array_check action=maybe_recompile pc=0x0000000002e73f7c method=java.util.AbstractCollection.toArray([Ljava/lang/Object;)[Ljava/lang/Object; @ 119
Event: 1.341 Thread 0x000000000113d800 Uncommon trap: reason=array_check action=maybe_recompile pc=0x0000000002e73f7c method=java.util.AbstractCollection.toArray([Ljava/lang/Object;)[Ljava/lang/Object; @ 119
Event: 1.341 Thread 0x000000000113d800 Uncommon trap: reason=array_check action=maybe_recompile pc=0x0000000002e73f7c method=java.util.AbstractCollection.toArray([Ljava/lang/Object;)[Ljava/lang/Object; @ 119
Event: 1.423 Thread 0x000000000113d800 Uncommon trap: reason=unstable_if action=reinterpret pc=0x0000000002e85cfc method=java.util.HashMap.getNode(ILjava/lang/Object;)Ljava/util/HashMap$Node; @ 129
Event: 1.427 Thread 0x000000000113d800 Uncommon trap: reason=unstable_if action=reinterpret pc=0x0000000002e8aca4 method=java.util.HashMap.getNode(ILjava/lang/Object;)Ljava/util/HashMap$Node; @ 129
Event: 1.637 Thread 0x000000000113d800 Uncommon trap: reason=unstable_if action=reinterpret pc=0x0000000002e94bb4 method=java.lang.String.split(Ljava/lang/String;I)[Ljava/lang/String; @ 8
Event: 1.638 Thread 0x000000000113d800 Uncommon trap: reason=unstable_if action=reinterpret pc=0x0000000002e72c38 method=sun.misc.FloatingDecimal.readJavaFormatString(Ljava/lang/String;)Lsun/misc/FloatingDecimal$ASCIIToBinaryConverter; @ 733
Event: 1.638 Thread 0x000000000113d800 Uncommon trap: reason=unstable_if action=reinterpret pc=0x0000000002e83938 method=Engine.rendering.meshLoading.OBJModel.ParseOBJIndex(Ljava/lang/String;)LEngine/rendering/meshLoading/OBJIndex; @ 62
Event: 1.640 Thread 0x000000000113d800 Uncommon trap: reason=unstable_if action=reinterpret pc=0x0000000002e6c934 method=sun.misc.FloatingDecimal$ASCIIToBinaryBuffer.floatValue()F @ 65
Event: 1.762 Thread 0x000000000113d800 Uncommon trap: reason=unstable_if action=reinterpret pc=0x0000000002e50d90 method=java.lang.String.trim()Ljava/lang/String; @ 44

Internal exceptions (10 events):
Event: 0.223 Thread 0x000000000113d800 Exception <a 'java/security/PrivilegedActionException'> (0x00000000d63bd298) thrown at [D:\re\workspace\8-2-build-windows-amd64-cygwin\jdk8u92\6642\hotspot\src\share\vm\prims\jvm.cpp, line 1386]
Event: 0.224 Thread 0x000000000113d800 Exception <a 'java/security/PrivilegedActionException'> (0x00000000d63c1368) thrown at [D:\re\workspace\8-2-build-windows-amd64-cygwin\jdk8u92\6642\hotspot\src\share\vm\prims\jvm.cpp, line 1386]
Event: 0.224 Thread 0x000000000113d800 Exception <a 'java/security/PrivilegedActionException'> (0x00000000d63c1578) thrown at [D:\re\workspace\8-2-build-windows-amd64-cygwin\jdk8u92\6642\hotspot\src\share\vm\prims\jvm.cpp, line 1386]
Event: 0.513 Thread 0x000000000113d800 Exception <a 'sun/nio/fs/WindowsException'> (0x00000000d654f560) thrown at [D:\re\workspace\8-2-build-windows-amd64-cygwin\jdk8u92\6642\hotspot\src\share\vm\prims\jni.cpp, line 709]
Event: 0.514 Thread 0x000000000113d800 Exception <a 'sun/nio/fs/WindowsException'> (0x00000000d654fd30) thrown at [D:\re\workspace\8-2-build-windows-amd64-cygwin\jdk8u92\6642\hotspot\src\share\vm\prims\jni.cpp, line 709]
Event: 0.515 Thread 0x000000000113d800 Exception <a 'sun/nio/fs/WindowsException'> (0x00000000d65520b0) thrown at [D:\re\workspace\8-2-build-windows-amd64-cygwin\jdk8u92\6642\hotspot\src\share\vm\prims\jni.cpp, line 709]
Event: 0.515 Thread 0x000000000113d800 Exception <a 'sun/nio/fs/WindowsException'> (0x00000000d65525c8) thrown at [D:\re\workspace\8-2-build-windows-amd64-cygwin\jdk8u92\6642\hotspot\src\share\vm\prims\jni.cpp, line 709]
Event: 0.516 Thread 0x000000000113d800 Exception <a 'sun/nio/fs/WindowsException'> (0x00000000d6552fa0) thrown at [D:\re\workspace\8-2-build-windows-amd64-cygwin\jdk8u92\6642\hotspot\src\share\vm\prims\jni.cpp, line 709]
Event: 0.516 Thread 0x000000000113d800 Exception <a 'sun/nio/fs/WindowsException'> (0x00000000d6553430) thrown at [D:\re\workspace\8-2-build-windows-amd64-cygwin\jdk8u92\6642\hotspot\src\share\vm\prims\jni.cpp, line 709]
Event: 0.788 Thread 0x000000000113d800 Exception <a 'java/io/FileNotFoundException'> (0x00000000d6aa4bd8) thrown at [D:\re\workspace\8-2-build-windows-amd64-cygwin\jdk8u92\6642\hotspot\src\share\vm\prims\jni.cpp, line 709]

Events (10 events):
Event: 1.762 Thread 0x000000000113d800 DEOPT PACKING pc=0x0000000002e50d90 sp=0x00000000029befc0
Event: 1.762 Thread 0x000000000113d800 DEOPT UNPACKING pc=0x0000000002b8582a sp=0x00000000029bef58 mode 2
Event: 1.762 loading class Engine/rendering/Shader$GLSLStruct
Event: 1.762 loading class Engine/rendering/Shader$GLSLStruct done
Event: 1.763 loading class Engine/rendering/Attenuation
Event: 1.763 loading class Engine/rendering/Attenuation done
Event: 1.763 Executing VM operation: Deoptimize
Event: 1.763 Executing VM operation: Deoptimize done
Event: 1.820 Executing VM operation: ParallelGCFailedAllocation
Event: 1.824 Executing VM operation: ParallelGCFailedAllocation done


Dynamic libraries:
0x00007ff7f62d0000 - 0x00007ff7f6307000 	C:\Program Files\Java\jdk1.8.0_92\bin\javaw.exe
0x00007ffbefc70000 - 0x00007ffbefe41000 	C:\WINDOWS\SYSTEM32\ntdll.dll
0x00007ffbedca0000 - 0x00007ffbedd4b000 	C:\WINDOWS\System32\KERNEL32.DLL
0x00007ffbec210000 - 0x00007ffbec42d000 	C:\WINDOWS\System32\KERNELBASE.dll
0x00007ffbefaa0000 - 0x00007ffbefb42000 	C:\WINDOWS\System32\ADVAPI32.dll
0x00007ffbee2c0000 - 0x00007ffbee35e000 	C:\WINDOWS\System32\msvcrt.dll
0x00007ffbedd50000 - 0x00007ffbedda9000 	C:\WINDOWS\System32\sechost.dll
0x00007ffbedb40000 - 0x00007ffbedc61000 	C:\WINDOWS\System32\RPCRT4.dll
0x00007ffbed500000 - 0x00007ffbed665000 	C:\WINDOWS\System32\USER32.dll
0x00007ffbec630000 - 0x00007ffbec64e000 	C:\WINDOWS\System32\win32u.dll
0x00007ffbed670000 - 0x00007ffbed6a4000 	C:\WINDOWS\System32\GDI32.dll
0x00007ffbec650000 - 0x00007ffbec7d2000 	C:\WINDOWS\System32\gdi32full.dll
0x00007ffbdfc50000 - 0x00007ffbdfec9000 	C:\WINDOWS\WinSxS\amd64_microsoft.windows.common-controls_6595b64144ccf1df_6.0.14393.447_none_42191651c6827bb3\COMCTL32.dll
0x00007ffbed870000 - 0x00007ffbedb38000 	C:\WINDOWS\System32\combase.dll
0x00007ffbec430000 - 0x00007ffbec525000 	C:\WINDOWS\System32\ucrtbase.dll
0x00007ffbec7e0000 - 0x00007ffbec84a000 	C:\WINDOWS\System32\bcryptPrimitives.dll
0x00007ffbee3c0000 - 0x00007ffbee3ee000 	C:\WINDOWS\System32\IMM32.DLL
0x0000000057560000 - 0x0000000057632000 	C:\Program Files\Java\jdk1.8.0_92\jre\bin\msvcr100.dll
0x0000000057770000 - 0x0000000058006000 	C:\Program Files\Java\jdk1.8.0_92\jre\bin\server\jvm.dll
0x00007ffbed720000 - 0x00007ffbed728000 	C:\WINDOWS\System32\PSAPI.DLL
0x00007ffbda170000 - 0x00007ffbda179000 	C:\WINDOWS\SYSTEM32\WSOCK32.dll
0x00007ffbeddb0000 - 0x00007ffbede1a000 	C:\WINDOWS\System32\WS2_32.dll
0x00007ffbe9b50000 - 0x00007ffbe9b73000 	C:\WINDOWS\SYSTEM32\WINMM.dll
0x00007ffbe0bf0000 - 0x00007ffbe0bfa000 	C:\WINDOWS\SYSTEM32\VERSION.dll
0x00007ffbe9290000 - 0x00007ffbe92bb000 	C:\WINDOWS\SYSTEM32\WINMMBASE.dll
0x00007ffbec5e0000 - 0x00007ffbec622000 	C:\WINDOWS\System32\cfgmgr32.dll
0x0000000058340000 - 0x000000005834f000 	C:\Program Files\Java\jdk1.8.0_92\jre\bin\verify.dll
0x0000000057740000 - 0x0000000057769000 	C:\Program Files\Java\jdk1.8.0_92\jre\bin\java.dll
0x0000000058320000 - 0x0000000058336000 	C:\Program Files\Java\jdk1.8.0_92\jre\bin\zip.dll
0x00007ffbee590000 - 0x00007ffbefa99000 	C:\WINDOWS\System32\SHELL32.dll
0x00007ffbecac0000 - 0x00007ffbed19a000 	C:\WINDOWS\System32\windows.storage.dll
0x00007ffbec100000 - 0x00007ffbec14c000 	C:\WINDOWS\System32\powrprof.dll
0x00007ffbee260000 - 0x00007ffbee2b2000 	C:\WINDOWS\System32\shlwapi.dll
0x00007ffbec0f0000 - 0x00007ffbec0ff000 	C:\WINDOWS\System32\kernel.appcore.dll
0x00007ffbec160000 - 0x00007ffbec209000 	C:\WINDOWS\System32\shcore.dll
0x00007ffbec0d0000 - 0x00007ffbec0e4000 	C:\WINDOWS\System32\profapi.dll
0x0000000057720000 - 0x000000005773a000 	C:\Program Files\Java\jdk1.8.0_92\jre\bin\net.dll
0x00007ffbeb9a0000 - 0x00007ffbeb9fc000 	C:\WINDOWS\system32\mswsock.dll
0x0000000057700000 - 0x0000000057711000 	C:\Program Files\Java\jdk1.8.0_92\jre\bin\nio.dll
0x00007ffbd93b0000 - 0x00007ffbd9407000 	C:\Users\joao\AppData\Local\Temp\lwjgljoao\3.1.1-build-16\lwjgl.dll
0x00007ffbebb60000 - 0x00007ffbebb6b000 	C:\WINDOWS\SYSTEM32\CRYPTBASE.DLL
0x00007ffbdeb10000 - 0x00007ffbdeb4c000 	C:\Users\joao\AppData\Local\Temp\lwjgljoao\3.1.1-build-16\glfw.dll
0x00007ffbea820000 - 0x00007ffbea8b5000 	C:\WINDOWS\system32\uxtheme.dll
0x00007ffbd9370000 - 0x00007ffbd93b0000 	C:\WINDOWS\SYSTEM32\dinput8.dll
0x00007ffbe79a0000 - 0x00007ffbe79ae000 	C:\WINDOWS\SYSTEM32\xinput1_4.dll
0x00007ffbeac00000 - 0x00007ffbeac28000 	C:\WINDOWS\SYSTEM32\DEVOBJ.dll
0x00007ffbe93b0000 - 0x00007ffbe93d6000 	C:\WINDOWS\SYSTEM32\dwmapi.dll
0x00007ffbeafc0000 - 0x00007ffbeafcc000 	C:\WINDOWS\SYSTEM32\HID.DLL
0x00007ffbede30000 - 0x00007ffbee259000 	C:\WINDOWS\System32\SETUPAPI.DLL
0x00007ffbed1a0000 - 0x00007ffbed1f5000 	C:\WINDOWS\System32\WINTRUST.dll
0x00007ffbec150000 - 0x00007ffbec160000 	C:\WINDOWS\System32\MSASN1.dll
0x00007ffbec850000 - 0x00007ffbeca19000 	C:\WINDOWS\System32\CRYPT32.dll
0x00007ffbed3a0000 - 0x00007ffbed4fb000 	C:\WINDOWS\System32\MSCTF.dll
0x00007ffbefb50000 - 0x00007ffbefc0f000 	C:\WINDOWS\System32\OLEAUT32.dll
0x00007ffbeca20000 - 0x00007ffbecabc000 	C:\WINDOWS\System32\msvcp_win.dll
0x00007ffbcd200000 - 0x00007ffbcd323000 	C:\WINDOWS\SYSTEM32\opengl32.dll
0x00007ffbcd1d0000 - 0x00007ffbcd1fd000 	C:\WINDOWS\SYSTEM32\GLU32.dll
0x00007ffbcd0d0000 - 0x00007ffbcd1c7000 	C:\WINDOWS\SYSTEM32\DDRAW.dll
0x00007ffbcd050000 - 0x00007ffbcd058000 	C:\WINDOWS\SYSTEM32\DCIMAN32.dll
0x00007ffbc0f90000 - 0x00007ffbc17c3000 	C:\WINDOWS\SYSTEM32\ig7icd64.dll
0x00007ffbe6150000 - 0x00007ffbe65af000 	C:\WINDOWS\SYSTEM32\igdusc64.dll
0x00007ffbe93e0000 - 0x00007ffbe93f3000 	C:\WINDOWS\SYSTEM32\WTSAPI32.dll
0x00007ffbd9290000 - 0x00007ffbd92ef000 	C:\Users\joao\AppData\Local\Temp\lwjgljoao\3.1.1-build-16\lwjgl_opengl.dll
0x00000000573c0000 - 0x0000000057558000 	C:\Program Files\Java\jdk1.8.0_92\jre\bin\awt.dll
0x00007ffbea190000 - 0x00007ffbea20a000 	C:\WINDOWS\SYSTEM32\apphelp.dll
0x00007ffbebb40000 - 0x00007ffbebb57000 	C:\WINDOWS\SYSTEM32\CRYPTSP.dll
0x00007ffbeb5b0000 - 0x00007ffbeb5e3000 	C:\WINDOWS\system32\rsaenh.dll
0x00007ffbec010000 - 0x00007ffbec03b000 	C:\WINDOWS\SYSTEM32\bcrypt.dll
0x00007ffbeb820000 - 0x00007ffbeb83f000 	C:\WINDOWS\SYSTEM32\USERENV.dll
0x00007ffbeb730000 - 0x00007ffbeb768000 	C:\WINDOWS\SYSTEM32\IPHLPAPI.DLL
0x00007ffbedc70000 - 0x00007ffbedc78000 	C:\WINDOWS\System32\NSI.dll
0x00007ffbe55d0000 - 0x00007ffbe55e6000 	C:\WINDOWS\SYSTEM32\dhcpcsvc6.DLL
0x00007ffbe5680000 - 0x00007ffbe569a000 	C:\WINDOWS\SYSTEM32\dhcpcsvc.DLL
0x0000000057380000 - 0x00000000573b1000 	C:\Program Files\Java\jdk1.8.0_92\jre\bin\jpeg.dll
0x00007ffbdd1d0000 - 0x00007ffbdd362000 	C:\WINDOWS\SYSTEM32\dbghelp.dll

VM Arguments:
jvm_args: -Dfile.encoding=Cp1252 
java_command: Game.Main
java_class_path (initial): C:\Users\joao\Documents\GitHub\CG-Game\bin;C:\Users\joao\Documents\GitHub\CG-Game\lwjgl\lwjgl-glfw-javadoc.jar;C:\Users\joao\Documents\GitHub\CG-Game\lwjgl\lwjgl-glfw-natives-linux.jar;C:\Users\joao\Documents\GitHub\CG-Game\lwjgl\lwjgl-glfw-natives-macos.jar;C:\Users\joao\Documents\GitHub\CG-Game\lwjgl\lwjgl-glfw-natives-windows.jar;C:\Users\joao\Documents\GitHub\CG-Game\lwjgl\lwjgl-glfw-sources.jar;C:\Users\joao\Documents\GitHub\CG-Game\lwjgl\lwjgl-glfw.jar;C:\Users\joao\Documents\GitHub\CG-Game\lwjgl\lwjgl-javadoc.jar;C:\Users\joao\Documents\GitHub\CG-Game\lwjgl\lwjgl-natives-linux.jar;C:\Users\joao\Documents\GitHub\CG-Game\lwjgl\lwjgl-natives-macos.jar;C:\Users\joao\Documents\GitHub\CG-Game\lwjgl\lwjgl-natives-windows.jar;C:\Users\joao\Documents\GitHub\CG-Game\lwjgl\lwjgl-opengl-javadoc.jar;C:\Users\joao\Documents\GitHub\CG-Game\lwjgl\lwjgl-opengl-natives-linux.jar;C:\Users\joao\Documents\GitHub\CG-Game\lwjgl\lwjgl-opengl-natives-macos.jar;C:\Users\joao\Documents\GitHub\CG-Game\lwjgl\lwjgl-opengl-natives-windows.jar;C:\Users\joao\Documents\GitHub\CG-Game\lwjgl\lwjgl-opengl-sources.jar;C:\Users\joao\Documents\GitHub\CG-Game\lwjgl\lwjgl-opengl.jar;C:\Users\joao\Documents\GitHub\CG-Game\lwjgl\lwjgl-sources.jar;C:\Users\joao\Documents\GitHub\CG-Game\lwjgl\lwjgl.jar
Launcher Type: SUN_STANDARD

Environment Variables:
PATH=C:/Program Files/Java/jdk1.8.0_92/jre/bin/server;C:/Program Files/Java/jdk1.8.0_92/jre/bin;C:/Program Files/Java/jdk1.8.0_92/jre/lib/amd64;C:\ProgramData\Oracle\Java\javapath;C:\WINDOWS\system32;C:\WINDOWS;C:\WINDOWS\System32\Wbem;C:\WINDOWS\System32\WindowsPowerShell\v1.0\;C:\Program Files (x86)\Windows Kits\8.1\Windows Performance Toolkit\;C:\Program Files (x86)\CMake\bin;C:\MinGW\bin;C:\MinGW\lib;C:\MinGW\include;C:\Program Files (x86)\Skype\Phone\;C:\Program Files\Microsoft SQL Server\110\Tools\Binn\;C:\Program Files (x86)\Microsoft SDKs\TypeScript\1.0\;C:\Program Files (x86)\GtkSharp\2.12\bin;C:\Program Files (x86)\Windows Kits\10\Windows Performance Toolkit\;C:\Users\joao\AppData\Local\Microsoft\WindowsApps;;C:\Users\joao\Desktop;
USERNAME=joao
OS=Windows_NT
PROCESSOR_IDENTIFIER=Intel64 Family 6 Model 58 Stepping 9, GenuineIntel



---------------  S Y S T E M  ---------------

OS: Windows 10.0 , 64 bit Build 14393 (10.0.14393.0)

CPU:total 4 (2 cores per cpu, 2 threads per core) family 6 model 58 stepping 9, cmov, cx8, fxsr, mmx, sse, sse2, sse3, ssse3, sse4.1, sse4.2, popcnt, avx, aes, clmul, erms, ht, tsc, tscinvbit, tscinv

Memory: 4k page, physical 8251836k(4465876k free), swap 9562556k(4929956k free)

vm_info: Java HotSpot(TM) 64-Bit Server VM (25.92-b14) for windows-amd64 JRE (1.8.0_92-b14), built on Mar 31 2016 21:03:04 by "java_re" with MS VC++ 10.0 (VS2010)

time: Sun Feb 05 19:14:32 2017
elapsed time: 1 seconds (0d 0h 0m 1s)

